2025-06-21 15:39:38,667 - main - INFO - 正在初始化 YOLO-PCB GUI 應用程式...
2025-06-21 15:39:39,765 - yolo_gui_utils.config_manager - INFO - 載入配置檔案: config.json
2025-06-21 15:39:39,783 - yolo_gui_utils.config_manager - INFO - 配置檔案載入成功
2025-06-21 15:39:39,847 - gui.main_window - INFO - 頁籤信號連接完成
2025-06-21 15:39:39,847 - gui.main_window - INFO - 功能頁籤初始化完成
2025-06-21 15:39:39,868 - gui.main_window - INFO - 選單列初始化完成
2025-06-21 15:39:39,868 - gui.main_window - INFO - 工具列初始化完成
2025-06-21 15:39:39,869 - gui.main_window - INFO - 狀態列初始化完成
2025-06-21 15:39:39,869 - gui.main_window - INFO - 設定載入完成
2025-06-21 15:39:39,870 - gui.main_window - INFO - 主視窗初始化完成
2025-06-21 15:39:39,870 - main - INFO - 應用程式初始化完成
2025-06-21 15:39:41,895 - main - INFO - 主視窗已顯示
2025-06-21 15:39:44,506 - gui.main_window - INFO - 切換到頁籤: 測試
2025-06-21 15:39:45,034 - gui.main_window - INFO - 切換到頁籤: 訓練
2025-06-21 15:39:49,085 - gui.main_window - INFO - 全局 ESC 鍵被觸發
2025-06-21 15:39:56,172 - gui.main_window - INFO - 全局 ESC 鍵被觸發
2025-06-21 15:39:56,512 - gui.main_window - INFO - 全局 ESC 鍵被觸發
2025-06-21 15:39:58,324 - gui.main_window - INFO - 切換到頁籤: 檢測
2025-06-21 16:18:19,870 - main - INFO - 正在初始化 YOLO-PCB GUI 應用程式...
2025-06-21 16:18:20,917 - yolo_gui_utils.config_manager - INFO - 載入配置檔案: config.json
2025-06-21 16:18:20,917 - yolo_gui_utils.config_manager - INFO - 配置檔案載入成功
2025-06-21 16:18:20,940 - gui.main_window - INFO - 頁籤信號連接完成
2025-06-21 16:18:20,940 - gui.main_window - INFO - 功能頁籤初始化完成
2025-06-21 16:18:20,949 - gui.main_window - INFO - 選單列初始化完成
2025-06-21 16:18:20,949 - gui.main_window - INFO - 工具列初始化完成
2025-06-21 16:18:20,950 - gui.main_window - INFO - 狀態列初始化完成
2025-06-21 16:18:20,950 - gui.main_window - INFO - 設定載入完成
2025-06-21 16:18:20,951 - gui.main_window - INFO - 主視窗初始化完成
2025-06-21 16:18:20,951 - main - INFO - 應用程式初始化完成
2025-06-21 16:18:22,972 - main - INFO - 主視窗已顯示
2025-06-21 16:29:36,405 - main - INFO - 正在初始化 YOLO-PCB GUI 應用程式...
2025-06-21 16:29:37,382 - yolo_gui_utils.config_manager - INFO - 載入配置檔案: config.json
2025-06-21 16:29:37,382 - yolo_gui_utils.config_manager - INFO - 配置檔案載入成功
2025-06-21 16:29:37,384 - gui.main_window - ERROR - 初始化頁籤失敗: unsupported operand type(s) for @: 'builtin_function_or_method' and 'builtin_function_or_method'
2025-06-21 16:29:37,386 - gui.main_window - WARNING - 使用佔位頁籤替代正常功能頁籤
2025-06-21 16:29:37,394 - gui.main_window - INFO - 選單列初始化完成
2025-06-21 16:29:37,394 - gui.main_window - INFO - 工具列初始化完成
2025-06-21 16:29:37,395 - gui.main_window - INFO - 狀態列初始化完成
2025-06-21 16:29:37,396 - gui.main_window - INFO - 設定載入完成
2025-06-21 16:29:37,396 - gui.main_window - INFO - 主視窗初始化完成
2025-06-21 16:29:37,396 - main - INFO - 應用程式初始化完成
2025-06-21 16:29:39,410 - main - INFO - 主視窗已顯示
2025-06-21 16:33:36,383 - main - INFO - 正在初始化 YOLO-PCB GUI 應用程式...
2025-06-21 16:33:37,441 - yolo_gui_utils.config_manager - INFO - 載入配置檔案: config.json
2025-06-21 16:33:37,441 - yolo_gui_utils.config_manager - INFO - 配置檔案載入成功
2025-06-21 16:33:37,470 - gui.main_window - INFO - 頁籤信號連接完成
2025-06-21 16:33:37,470 - gui.main_window - INFO - 功能頁籤初始化完成
2025-06-21 16:33:37,476 - gui.main_window - INFO - 選單列初始化完成
2025-06-21 16:33:37,477 - gui.main_window - INFO - 工具列初始化完成
2025-06-21 16:33:37,478 - gui.main_window - INFO - 狀態列初始化完成
2025-06-21 16:33:37,478 - gui.main_window - INFO - 設定載入完成
2025-06-21 16:33:37,478 - gui.main_window - INFO - 主視窗初始化完成
2025-06-21 16:33:37,478 - main - INFO - 應用程式初始化完成
2025-06-21 16:33:39,511 - main - INFO - 主視窗已顯示
2025-06-21 16:37:54,017 - main - INFO - 正在初始化 YOLO-PCB GUI 應用程式...
2025-06-21 16:37:54,900 - yolo_gui_utils.config_manager - INFO - 載入配置檔案: config.json
2025-06-21 16:37:54,900 - yolo_gui_utils.config_manager - INFO - 配置檔案載入成功
2025-06-21 16:37:54,923 - gui.main_window - INFO - 頁籤信號連接完成
2025-06-21 16:37:54,924 - gui.main_window - INFO - 功能頁籤初始化完成
2025-06-21 16:37:54,934 - gui.main_window - INFO - 選單列初始化完成
2025-06-21 16:37:54,935 - gui.main_window - INFO - 工具列初始化完成
2025-06-21 16:37:54,935 - gui.main_window - INFO - 狀態列初始化完成
2025-06-21 16:37:54,935 - gui.main_window - INFO - 設定載入完成
2025-06-21 16:37:54,936 - gui.main_window - INFO - 主視窗初始化完成
2025-06-21 16:37:54,936 - main - INFO - 應用程式初始化完成
2025-06-21 16:37:56,949 - main - INFO - 主視窗已顯示
2025-06-21 16:44:03,304 - main - INFO - 正在初始化 YOLO-PCB GUI 應用程式...
2025-06-21 16:44:03,786 - yolo_gui_utils.config_manager - INFO - 載入配置檔案: config.json
2025-06-21 16:44:03,787 - yolo_gui_utils.config_manager - INFO - 配置檔案載入成功
2025-06-21 16:44:03,809 - gui.main_window - INFO - 頁籤信號連接完成
2025-06-21 16:44:03,809 - gui.main_window - INFO - 功能頁籤初始化完成
2025-06-21 16:44:03,816 - gui.main_window - INFO - 選單列初始化完成
2025-06-21 16:44:03,817 - gui.main_window - INFO - 工具列初始化完成
2025-06-21 16:44:03,817 - gui.main_window - INFO - 狀態列初始化完成
2025-06-21 16:44:03,817 - gui.main_window - INFO - 設定載入完成
2025-06-21 16:44:03,817 - gui.main_window - INFO - 主視窗初始化完成
2025-06-21 16:44:03,818 - main - INFO - 應用程式初始化完成
2025-06-21 16:44:05,864 - main - INFO - 主視窗已顯示
2025-06-21 16:46:33,961 - main - INFO - 正在初始化 YOLO-PCB GUI 應用程式...
2025-06-21 16:46:34,986 - yolo_gui_utils.config_manager - INFO - 載入配置檔案: config.json
2025-06-21 16:46:34,987 - yolo_gui_utils.config_manager - INFO - 配置檔案載入成功
2025-06-21 16:46:35,008 - gui.main_window - INFO - 頁籤信號連接完成
2025-06-21 16:46:35,008 - gui.main_window - INFO - 功能頁籤初始化完成
2025-06-21 16:46:35,017 - gui.main_window - INFO - 選單列初始化完成
2025-06-21 16:46:35,018 - gui.main_window - INFO - 工具列初始化完成
2025-06-21 16:46:35,018 - gui.main_window - INFO - 狀態列初始化完成
2025-06-21 16:46:35,018 - gui.main_window - INFO - 設定載入完成
2025-06-21 16:46:35,019 - gui.main_window - INFO - 主視窗初始化完成
2025-06-21 16:46:35,019 - main - INFO - 應用程式初始化完成
2025-06-21 16:46:37,057 - main - INFO - 主視窗已顯示
2025-06-21 16:51:08,845 - main - INFO - 正在初始化 YOLO-PCB GUI 應用程式...
2025-06-21 16:51:09,862 - yolo_gui_utils.config_manager - INFO - 載入配置檔案: config.json
2025-06-21 16:51:09,862 - yolo_gui_utils.config_manager - INFO - 配置檔案載入成功
2025-06-21 16:51:09,883 - gui.main_window - INFO - 頁籤信號連接完成
2025-06-21 16:51:09,883 - gui.main_window - INFO - 功能頁籤初始化完成
2025-06-21 16:51:09,890 - gui.main_window - INFO - 選單列初始化完成
2025-06-21 16:51:09,890 - gui.main_window - INFO - 工具列初始化完成
2025-06-21 16:51:09,891 - gui.main_window - INFO - 狀態列初始化完成
2025-06-21 16:51:09,891 - gui.main_window - INFO - 設定載入完成
2025-06-21 16:51:09,891 - gui.main_window - INFO - 主視窗初始化完成
2025-06-21 16:51:09,891 - main - INFO - 應用程式初始化完成
2025-06-21 16:51:11,922 - main - INFO - 主視窗已顯示
2025-06-21 17:04:15,376 - main - INFO - 正在初始化 YOLO-PCB GUI 應用程式...
2025-06-21 17:04:15,856 - yolo_gui_utils.config_manager - INFO - 載入配置檔案: config.json
2025-06-21 17:04:15,856 - yolo_gui_utils.config_manager - INFO - 配置檔案載入成功
2025-06-21 17:04:15,879 - gui.main_window - INFO - 頁籤信號連接完成
2025-06-21 17:04:15,879 - gui.main_window - INFO - 功能頁籤初始化完成
2025-06-21 17:04:15,887 - gui.main_window - INFO - 選單列初始化完成
2025-06-21 17:04:15,887 - gui.main_window - INFO - 工具列初始化完成
2025-06-21 17:04:15,888 - gui.main_window - INFO - 狀態列初始化完成
2025-06-21 17:04:15,888 - gui.main_window - INFO - 設定載入完成
2025-06-21 17:04:15,888 - gui.main_window - INFO - 主視窗初始化完成
2025-06-21 17:04:15,888 - main - INFO - 應用程式初始化完成
2025-06-21 17:04:17,928 - main - INFO - 主視窗已顯示
2025-06-21 17:11:46,824 - main - INFO - 正在初始化 YOLO-PCB GUI 應用程式...
2025-06-21 17:11:47,333 - yolo_gui_utils.config_manager - INFO - 載入配置檔案: config.json
2025-06-21 17:11:47,334 - yolo_gui_utils.config_manager - INFO - 配置檔案載入成功
2025-06-21 17:11:47,359 - gui.main_window - INFO - 頁籤信號連接完成
2025-06-21 17:11:47,360 - gui.main_window - INFO - 功能頁籤初始化完成
2025-06-21 17:11:47,367 - gui.main_window - INFO - 選單列初始化完成
2025-06-21 17:11:47,368 - gui.main_window - INFO - 工具列初始化完成
2025-06-21 17:11:47,368 - gui.main_window - INFO - 狀態列初始化完成
2025-06-21 17:11:47,368 - gui.main_window - INFO - 設定載入完成
2025-06-21 17:11:47,369 - gui.main_window - INFO - 主視窗初始化完成
2025-06-21 17:11:47,369 - main - INFO - 應用程式初始化完成
2025-06-21 17:11:49,413 - main - INFO - 主視窗已顯示
2025-06-21 18:39:58,367 - main - INFO - 正在初始化 YOLO-PCB GUI 應用程式...
2025-06-21 18:39:59,357 - yolo_gui_utils.config_manager - INFO - 載入配置檔案: config.json
2025-06-21 18:39:59,358 - yolo_gui_utils.config_manager - INFO - 配置檔案載入成功
2025-06-21 18:39:59,382 - gui.main_window - INFO - 頁籤信號連接完成
2025-06-21 18:39:59,382 - gui.main_window - INFO - 功能頁籤初始化完成
2025-06-21 18:39:59,390 - gui.main_window - INFO - 選單列初始化完成
2025-06-21 18:39:59,391 - gui.main_window - INFO - 工具列初始化完成
2025-06-21 18:39:59,391 - gui.main_window - INFO - 狀態列初始化完成
2025-06-21 18:39:59,391 - gui.main_window - INFO - 設定載入完成
2025-06-21 18:39:59,391 - gui.main_window - INFO - 主視窗初始化完成
2025-06-21 18:39:59,392 - main - INFO - 應用程式初始化完成
2025-06-21 18:40:01,408 - main - INFO - 主視窗已顯示
2025-06-21 18:47:36,874 - yolo_gui_utils.config_manager - INFO - 保存配置檔案: config.json
2025-06-21 18:47:36,875 - yolo_gui_utils.config_manager - INFO - 配置檔案保存成功
2025-06-21 18:47:36,876 - gui.main_window - INFO - 主視窗正常關閉
2025-06-21 18:48:33,894 - main - INFO - 正在初始化 YOLO-PCB GUI 應用程式...
2025-06-21 18:48:34,889 - yolo_gui_utils.config_manager - INFO - 載入配置檔案: config.json
2025-06-21 18:48:34,900 - yolo_gui_utils.config_manager - INFO - 配置檔案載入成功
2025-06-21 18:48:34,924 - gui.main_window - INFO - 頁籤信號連接完成
2025-06-21 18:48:34,925 - gui.main_window - INFO - 功能頁籤初始化完成
2025-06-21 18:48:34,934 - gui.main_window - INFO - 選單列初始化完成
2025-06-21 18:48:34,934 - gui.main_window - INFO - 工具列初始化完成
2025-06-21 18:48:34,935 - gui.main_window - INFO - 狀態列初始化完成
2025-06-21 18:48:34,935 - gui.main_window - INFO - 設定載入完成
2025-06-21 18:48:34,935 - gui.main_window - INFO - 主視窗初始化完成
2025-06-21 18:48:34,936 - main - INFO - 應用程式初始化完成
2025-06-21 18:48:36,960 - main - INFO - 主視窗已顯示
2025-06-21 18:51:28,387 - yolo_gui_utils.config_manager - INFO - 保存配置檔案: config.json
2025-06-21 18:51:28,388 - yolo_gui_utils.config_manager - INFO - 配置檔案保存成功
2025-06-21 18:51:28,388 - gui.main_window - INFO - 主視窗正常關閉
2025-06-21 18:54:27,470 - main - INFO - 正在初始化 YOLO-PCB GUI 應用程式...
2025-06-21 18:54:27,932 - yolo_gui_utils.config_manager - INFO - 載入配置檔案: config.json
2025-06-21 18:54:27,932 - yolo_gui_utils.config_manager - INFO - 配置檔案載入成功
2025-06-21 18:54:27,953 - gui.main_window - INFO - 頁籤信號連接完成
2025-06-21 18:54:27,953 - gui.main_window - INFO - 功能頁籤初始化完成
2025-06-21 18:54:27,960 - gui.main_window - INFO - 選單列初始化完成
2025-06-21 18:54:27,961 - gui.main_window - INFO - 工具列初始化完成
2025-06-21 18:54:27,962 - gui.main_window - INFO - 狀態列初始化完成
2025-06-21 18:54:27,962 - gui.main_window - INFO - 設定載入完成
2025-06-21 18:54:27,962 - gui.main_window - INFO - 主視窗初始化完成
2025-06-21 18:54:27,962 - main - INFO - 應用程式初始化完成
2025-06-21 18:54:29,991 - main - INFO - 主視窗已顯示
2025-06-21 18:55:34,135 - yolo_gui_utils.config_manager - INFO - 保存配置檔案: config.json
2025-06-21 18:55:34,136 - yolo_gui_utils.config_manager - INFO - 配置檔案保存成功
2025-06-21 18:55:34,136 - gui.main_window - INFO - 主視窗正常關閉
2025-06-21 18:55:53,267 - main - INFO - 正在初始化 YOLO-PCB GUI 應用程式...
2025-06-21 18:55:54,226 - yolo_gui_utils.config_manager - INFO - 載入配置檔案: config.json
2025-06-21 18:55:54,233 - yolo_gui_utils.config_manager - INFO - 配置檔案載入成功
2025-06-21 18:55:54,258 - gui.main_window - INFO - 頁籤信號連接完成
2025-06-21 18:55:54,258 - gui.main_window - INFO - 功能頁籤初始化完成
2025-06-21 18:55:54,265 - gui.main_window - INFO - 選單列初始化完成
2025-06-21 18:55:54,266 - gui.main_window - INFO - 工具列初始化完成
2025-06-21 18:55:54,267 - gui.main_window - INFO - 狀態列初始化完成
2025-06-21 18:55:54,267 - gui.main_window - INFO - 設定載入完成
2025-06-21 18:55:54,267 - gui.main_window - INFO - 主視窗初始化完成
2025-06-21 18:55:54,267 - main - INFO - 應用程式初始化完成
2025-06-21 18:55:56,308 - main - INFO - 主視窗已顯示
2025-06-21 19:01:11,858 - yolo_gui_utils.config_manager - INFO - 保存配置檔案: config.json
2025-06-21 19:01:11,860 - yolo_gui_utils.config_manager - INFO - 配置檔案保存成功
2025-06-21 19:01:11,860 - gui.main_window - INFO - 主視窗正常關閉
2025-06-21 19:02:15,446 - main - INFO - 正在初始化 YOLO-PCB GUI 應用程式...
2025-06-21 19:02:16,411 - yolo_gui_utils.config_manager - INFO - 載入配置檔案: config.json
2025-06-21 19:02:16,412 - yolo_gui_utils.config_manager - INFO - 配置檔案載入成功
2025-06-21 19:02:16,433 - gui.main_window - INFO - 頁籤信號連接完成
2025-06-21 19:02:16,435 - gui.main_window - INFO - 功能頁籤初始化完成
2025-06-21 19:02:16,442 - gui.main_window - INFO - 選單列初始化完成
2025-06-21 19:02:16,443 - gui.main_window - INFO - 工具列初始化完成
2025-06-21 19:02:16,443 - gui.main_window - INFO - 狀態列初始化完成
2025-06-21 19:02:16,445 - gui.main_window - INFO - 設定載入完成
2025-06-21 19:02:16,445 - gui.main_window - INFO - 主視窗初始化完成
2025-06-21 19:02:16,445 - main - INFO - 應用程式初始化完成
2025-06-21 19:02:18,471 - main - INFO - 主視窗已顯示
2025-06-21 19:05:09,659 - yolo_gui_utils.config_manager - INFO - 保存配置檔案: config.json
2025-06-21 19:05:09,661 - yolo_gui_utils.config_manager - INFO - 配置檔案保存成功
2025-06-21 19:05:09,661 - gui.main_window - INFO - 主視窗正常關閉
2025-06-21 19:06:12,760 - main - INFO - 正在初始化 YOLO-PCB GUI 應用程式...
2025-06-21 19:06:13,735 - yolo_gui_utils.config_manager - INFO - 載入配置檔案: config.json
2025-06-21 19:06:13,735 - yolo_gui_utils.config_manager - INFO - 配置檔案載入成功
2025-06-21 19:06:13,761 - gui.main_window - INFO - 頁籤信號連接完成
2025-06-21 19:06:13,762 - gui.main_window - INFO - 功能頁籤初始化完成
2025-06-21 19:06:13,769 - gui.main_window - INFO - 選單列初始化完成
2025-06-21 19:06:13,770 - gui.main_window - INFO - 工具列初始化完成
2025-06-21 19:06:13,771 - gui.main_window - INFO - 狀態列初始化完成
2025-06-21 19:06:13,771 - gui.main_window - INFO - 設定載入完成
2025-06-21 19:06:13,771 - gui.main_window - INFO - 主視窗初始化完成
2025-06-21 19:06:13,771 - main - INFO - 應用程式初始化完成
2025-06-21 19:06:15,795 - main - INFO - 主視窗已顯示
2025-06-21 19:08:31,043 - yolo_gui_utils.config_manager - INFO - 保存配置檔案: config.json
2025-06-21 19:08:31,045 - yolo_gui_utils.config_manager - INFO - 配置檔案保存成功
2025-06-21 19:08:31,045 - gui.main_window - INFO - 主視窗正常關閉
2025-06-21 19:08:36,799 - main - INFO - 正在初始化 YOLO-PCB GUI 應用程式...
2025-06-21 19:08:37,778 - yolo_gui_utils.config_manager - INFO - 載入配置檔案: config.json
2025-06-21 19:08:37,789 - yolo_gui_utils.config_manager - INFO - 配置檔案載入成功
2025-06-21 19:08:37,821 - gui.main_window - INFO - 頁籤信號連接完成
2025-06-21 19:08:37,821 - gui.main_window - INFO - 功能頁籤初始化完成
2025-06-21 19:08:37,831 - gui.main_window - INFO - 選單列初始化完成
2025-06-21 19:08:37,832 - gui.main_window - INFO - 工具列初始化完成
2025-06-21 19:08:37,832 - gui.main_window - INFO - 狀態列初始化完成
2025-06-21 19:08:37,833 - gui.main_window - INFO - 設定載入完成
2025-06-21 19:08:37,833 - gui.main_window - INFO - 主視窗初始化完成
2025-06-21 19:08:37,833 - main - INFO - 應用程式初始化完成
2025-06-21 19:08:39,856 - main - INFO - 主視窗已顯示
2025-06-21 19:19:10,558 - yolo_gui_utils.config_manager - INFO - 保存配置檔案: config.json
2025-06-21 19:19:10,559 - yolo_gui_utils.config_manager - INFO - 配置檔案保存成功
2025-06-21 19:19:10,560 - gui.main_window - INFO - 主視窗正常關閉
2025-06-21 19:25:14,481 - main - INFO - 正在初始化 YOLO-PCB GUI 應用程式...
2025-06-21 19:25:15,404 - yolo_gui_utils.config_manager - INFO - 載入配置檔案: config.json
2025-06-21 19:25:15,404 - yolo_gui_utils.config_manager - INFO - 配置檔案載入成功
2025-06-21 19:25:15,429 - gui.main_window - INFO - 頁籤信號連接完成
2025-06-21 19:25:15,429 - gui.main_window - INFO - 功能頁籤初始化完成
2025-06-21 19:25:15,437 - gui.main_window - INFO - 選單列初始化完成
2025-06-21 19:25:15,437 - gui.main_window - INFO - 工具列初始化完成
2025-06-21 19:25:15,438 - gui.main_window - INFO - 狀態列初始化完成
2025-06-21 19:25:15,438 - gui.main_window - INFO - 設定載入完成
2025-06-21 19:25:15,438 - gui.main_window - INFO - 主視窗初始化完成
2025-06-21 19:25:15,438 - main - INFO - 應用程式初始化完成
2025-06-21 19:25:17,464 - main - INFO - 主視窗已顯示
2025-06-21 19:28:51,060 - yolo_gui_utils.config_manager - INFO - 保存配置檔案: config.json
2025-06-21 19:28:51,061 - yolo_gui_utils.config_manager - INFO - 配置檔案保存成功
2025-06-21 19:28:51,061 - gui.main_window - INFO - 主視窗正常關閉
2025-06-21 19:29:04,170 - main - INFO - 正在初始化 YOLO-PCB GUI 應用程式...
2025-06-21 19:29:05,130 - yolo_gui_utils.config_manager - INFO - 載入配置檔案: config.json
2025-06-21 19:29:05,138 - yolo_gui_utils.config_manager - INFO - 配置檔案載入成功
2025-06-21 19:29:05,163 - gui.main_window - INFO - 頁籤信號連接完成
2025-06-21 19:29:05,163 - gui.main_window - INFO - 功能頁籤初始化完成
2025-06-21 19:29:05,171 - gui.main_window - INFO - 選單列初始化完成
2025-06-21 19:29:05,172 - gui.main_window - INFO - 工具列初始化完成
2025-06-21 19:29:05,173 - gui.main_window - INFO - 狀態列初始化完成
2025-06-21 19:29:05,173 - gui.main_window - INFO - 設定載入完成
2025-06-21 19:29:05,173 - gui.main_window - INFO - 主視窗初始化完成
2025-06-21 19:29:05,173 - main - INFO - 應用程式初始化完成
2025-06-21 19:29:07,208 - main - INFO - 主視窗已顯示
2025-06-21 19:30:58,995 - yolo_gui_utils.config_manager - INFO - 保存配置檔案: config.json
2025-06-21 19:30:58,996 - yolo_gui_utils.config_manager - INFO - 配置檔案保存成功
2025-06-21 19:30:58,996 - gui.main_window - INFO - 主視窗正常關閉
2025-06-21 19:31:06,335 - main - INFO - 正在初始化 YOLO-PCB GUI 應用程式...
2025-06-21 19:31:07,288 - yolo_gui_utils.config_manager - INFO - 載入配置檔案: config.json
2025-06-21 19:31:07,295 - yolo_gui_utils.config_manager - INFO - 配置檔案載入成功
2025-06-21 19:31:07,316 - gui.main_window - INFO - 頁籤信號連接完成
2025-06-21 19:31:07,317 - gui.main_window - INFO - 功能頁籤初始化完成
2025-06-21 19:31:07,324 - gui.main_window - INFO - 選單列初始化完成
2025-06-21 19:31:07,325 - gui.main_window - INFO - 工具列初始化完成
2025-06-21 19:31:07,326 - gui.main_window - INFO - 狀態列初始化完成
2025-06-21 19:31:07,326 - gui.main_window - INFO - 設定載入完成
2025-06-21 19:31:07,326 - gui.main_window - INFO - 主視窗初始化完成
2025-06-21 19:31:07,326 - main - INFO - 應用程式初始化完成
2025-06-21 19:31:09,352 - main - INFO - 主視窗已顯示
2025-06-21 19:32:16,732 - yolo_gui_utils.config_manager - INFO - 保存配置檔案: config.json
2025-06-21 19:32:16,733 - yolo_gui_utils.config_manager - INFO - 配置檔案保存成功
2025-06-21 19:32:16,733 - gui.main_window - INFO - 主視窗正常關閉
2025-06-21 19:33:41,719 - main - INFO - 正在初始化 YOLO-PCB GUI 應用程式...
2025-06-21 19:33:42,196 - yolo_gui_utils.config_manager - INFO - 載入配置檔案: config.json
2025-06-21 19:33:42,196 - yolo_gui_utils.config_manager - INFO - 配置檔案載入成功
2025-06-21 19:33:42,219 - gui.main_window - INFO - 頁籤信號連接完成
2025-06-21 19:33:42,220 - gui.main_window - INFO - 功能頁籤初始化完成
2025-06-21 19:33:42,226 - gui.main_window - INFO - 選單列初始化完成
2025-06-21 19:33:42,227 - gui.main_window - INFO - 工具列初始化完成
2025-06-21 19:33:42,228 - gui.main_window - INFO - 狀態列初始化完成
2025-06-21 19:33:42,228 - gui.main_window - INFO - 設定載入完成
2025-06-21 19:33:42,228 - gui.main_window - INFO - 主視窗初始化完成
2025-06-21 19:33:42,228 - main - INFO - 應用程式初始化完成
2025-06-21 19:33:44,257 - main - INFO - 主視窗已顯示
2025-06-21 19:34:12,885 - utils.torch_utils - INFO - Model Summary: 284 layers, 8913283 parameters, 0 gradients, 20.1 GFLOPS
2025-06-21 19:35:08,640 - utils.torch_utils - INFO - Model Summary: 284 layers, 8913283 parameters, 0 gradients, 20.1 GFLOPS
2025-06-21 19:35:26,522 - utils.torch_utils - INFO - Model Summary: 284 layers, 8913283 parameters, 0 gradients, 20.1 GFLOPS
2025-06-21 19:35:31,996 - utils.torch_utils - INFO - Model Summary: 284 layers, 8913283 parameters, 0 gradients, 20.1 GFLOPS
2025-06-21 19:36:32,114 - utils.torch_utils - INFO - Model Summary: 284 layers, 8913283 parameters, 0 gradients, 20.1 GFLOPS
2025-06-21 19:36:51,182 - utils.torch_utils - INFO - Model Summary: 284 layers, 8913283 parameters, 0 gradients, 20.1 GFLOPS
2025-06-21 19:36:56,982 - utils.torch_utils - INFO - Model Summary: 284 layers, 8913283 parameters, 0 gradients, 20.1 GFLOPS
2025-06-21 19:36:59,538 - utils.torch_utils - INFO - Model Summary: 284 layers, 8913283 parameters, 0 gradients, 20.1 GFLOPS
2025-06-21 19:41:14,273 - utils.torch_utils - INFO - Model Summary: 284 layers, 8913283 parameters, 0 gradients, 20.1 GFLOPS
2025-06-21 19:41:19,928 - utils.torch_utils - INFO - Model Summary: 284 layers, 8913283 parameters, 0 gradients, 20.1 GFLOPS
2025-06-21 19:52:40,035 - yolo_gui_utils.config_manager - INFO - 保存配置檔案: config.json
2025-06-21 19:52:40,035 - yolo_gui_utils.config_manager - INFO - 配置檔案保存成功
2025-06-21 19:52:40,035 - gui.main_window - INFO - 主視窗正常關閉
2025-06-21 20:24:04,087 - main - INFO - 正在初始化 YOLO-PCB GUI 應用程式...
2025-06-21 20:24:05,513 - yolo_gui_utils.config_manager - INFO - 載入配置檔案: config.json
2025-06-21 20:24:05,525 - yolo_gui_utils.config_manager - INFO - 配置檔案載入成功
2025-06-21 20:24:05,560 - gui.main_window - INFO - 頁籤信號連接完成
2025-06-21 20:24:05,560 - gui.main_window - INFO - 功能頁籤初始化完成
2025-06-21 20:24:05,568 - gui.main_window - INFO - 選單列初始化完成
2025-06-21 20:24:05,569 - gui.main_window - INFO - 工具列初始化完成
2025-06-21 20:24:05,569 - gui.main_window - INFO - 狀態列初始化完成
2025-06-21 20:24:05,570 - gui.main_window - INFO - 設定載入完成
2025-06-21 20:24:05,570 - gui.main_window - INFO - 主視窗初始化完成
2025-06-21 20:24:05,570 - main - INFO - 應用程式初始化完成
2025-06-21 20:24:07,687 - main - INFO - 主視窗已顯示
2025-06-21 20:24:33,203 - utils.torch_utils - INFO - Model Summary: 284 layers, 8913283 parameters, 0 gradients, 20.1 GFLOPS
2025-06-21 20:24:46,309 - yolo_gui_utils.config_manager - INFO - 保存配置檔案: config.json
2025-06-21 20:24:46,311 - yolo_gui_utils.config_manager - INFO - 配置檔案保存成功
2025-06-21 20:24:46,311 - gui.main_window - INFO - 主視窗正常關閉
2025-06-21 20:24:57,754 - main - INFO - 正在初始化 YOLO-PCB GUI 應用程式...
2025-06-21 20:24:58,315 - yolo_gui_utils.config_manager - INFO - 載入配置檔案: config.json
2025-06-21 20:24:58,322 - yolo_gui_utils.config_manager - INFO - 配置檔案載入成功
2025-06-21 20:24:58,345 - gui.main_window - INFO - 頁籤信號連接完成
2025-06-21 20:24:58,345 - gui.main_window - INFO - 功能頁籤初始化完成
2025-06-21 20:24:58,353 - gui.main_window - INFO - 選單列初始化完成
2025-06-21 20:24:58,353 - gui.main_window - INFO - 工具列初始化完成
2025-06-21 20:24:58,354 - gui.main_window - INFO - 狀態列初始化完成
2025-06-21 20:24:58,354 - gui.main_window - INFO - 設定載入完成
2025-06-21 20:24:58,354 - gui.main_window - INFO - 主視窗初始化完成
2025-06-21 20:24:58,354 - main - INFO - 應用程式初始化完成
2025-06-21 20:25:00,380 - main - INFO - 主視窗已顯示
2025-06-21 20:25:21,725 - utils.torch_utils - INFO - Model Summary: 284 layers, 8913283 parameters, 0 gradients, 20.1 GFLOPS
2025-06-21 20:25:32,107 - utils.torch_utils - INFO - Model Summary: 284 layers, 8913283 parameters, 0 gradients, 20.1 GFLOPS
2025-06-21 20:25:43,729 - utils.torch_utils - INFO - Model Summary: 284 layers, 8913283 parameters, 0 gradients, 20.1 GFLOPS
2025-06-21 20:25:48,367 - utils.torch_utils - INFO - Model Summary: 284 layers, 8913283 parameters, 0 gradients, 20.1 GFLOPS
2025-06-21 20:25:53,736 - utils.torch_utils - INFO - Model Summary: 284 layers, 8913283 parameters, 0 gradients, 20.1 GFLOPS
2025-06-21 20:25:57,421 - utils.torch_utils - INFO - Model Summary: 284 layers, 8913283 parameters, 0 gradients, 20.1 GFLOPS
2025-06-21 20:26:02,578 - utils.torch_utils - INFO - Model Summary: 284 layers, 8913283 parameters, 0 gradients, 20.1 GFLOPS
2025-06-21 20:26:15,099 - yolo_gui_utils.config_manager - INFO - 保存配置檔案: config.json
2025-06-21 20:26:15,100 - yolo_gui_utils.config_manager - INFO - 配置檔案保存成功
2025-06-21 20:26:15,101 - gui.main_window - INFO - 主視窗正常關閉
2025-06-21 20:29:00,459 - main - INFO - 正在初始化 YOLO-PCB GUI 應用程式...
2025-06-21 20:29:01,066 - yolo_gui_utils.config_manager - INFO - 載入配置檔案: config.json
2025-06-21 20:29:01,067 - yolo_gui_utils.config_manager - INFO - 配置檔案載入成功
2025-06-21 20:29:01,090 - gui.main_window - INFO - 頁籤信號連接完成
2025-06-21 20:29:01,091 - gui.main_window - INFO - 功能頁籤初始化完成
2025-06-21 20:29:01,099 - gui.main_window - INFO - 選單列初始化完成
2025-06-21 20:29:01,100 - gui.main_window - INFO - 工具列初始化完成
2025-06-21 20:29:01,100 - gui.main_window - INFO - 狀態列初始化完成
2025-06-21 20:29:01,100 - gui.main_window - INFO - 設定載入完成
2025-06-21 20:29:01,101 - gui.main_window - INFO - 主視窗初始化完成
2025-06-21 20:29:01,101 - main - INFO - 應用程式初始化完成
2025-06-21 20:29:03,139 - main - INFO - 主視窗已顯示
2025-06-21 20:29:15,575 - utils.torch_utils - INFO - Model Summary: 284 layers, 8913283 parameters, 0 gradients, 20.1 GFLOPS
2025-06-21 20:30:15,078 - utils.torch_utils - INFO - Model Summary: 284 layers, 8913283 parameters, 0 gradients, 20.1 GFLOPS
2025-06-21 20:30:18,856 - utils.torch_utils - INFO - Model Summary: 284 layers, 8913283 parameters, 0 gradients, 20.1 GFLOPS
2025-06-21 20:30:20,314 - utils.torch_utils - INFO - Model Summary: 284 layers, 8913283 parameters, 0 gradients, 20.1 GFLOPS
2025-06-21 20:32:12,405 - utils.torch_utils - INFO - Model Summary: 284 layers, 8913283 parameters, 0 gradients, 20.1 GFLOPS
2025-06-21 20:34:56,765 - main - INFO - 正在初始化 YOLO-PCB GUI 應用程式...
2025-06-21 20:34:57,541 - yolo_gui_utils.config_manager - INFO - 載入配置檔案: config.json
2025-06-21 20:34:57,542 - yolo_gui_utils.config_manager - INFO - 配置檔案載入成功
2025-06-21 20:34:57,571 - gui.main_window - INFO - 頁籤信號連接完成
2025-06-21 20:34:57,571 - gui.main_window - INFO - 功能頁籤初始化完成
2025-06-21 20:34:57,583 - gui.main_window - INFO - 選單列初始化完成
2025-06-21 20:34:57,584 - gui.main_window - INFO - 工具列初始化完成
2025-06-21 20:34:57,584 - gui.main_window - INFO - 狀態列初始化完成
2025-06-21 20:34:57,585 - gui.main_window - INFO - 設定載入完成
2025-06-21 20:34:57,585 - gui.main_window - INFO - 主視窗初始化完成
2025-06-21 20:34:57,585 - main - INFO - 應用程式初始化完成
2025-06-21 20:34:59,635 - main - INFO - 主視窗已顯示
2025-06-21 20:35:21,483 - utils.torch_utils - INFO - Model Summary: 284 layers, 8913283 parameters, 0 gradients, 20.1 GFLOPS
2025-06-21 20:35:40,755 - utils.torch_utils - INFO - Model Summary: 284 layers, 8913283 parameters, 0 gradients, 20.1 GFLOPS
2025-06-21 20:36:30,474 - utils.torch_utils - INFO - Model Summary: 284 layers, 8913283 parameters, 0 gradients, 20.1 GFLOPS
2025-06-21 20:38:20,055 - utils.torch_utils - INFO - Model Summary: 284 layers, 8913283 parameters, 0 gradients, 20.1 GFLOPS
2025-06-21 20:38:21,872 - utils.torch_utils - INFO - Model Summary: 284 layers, 8913283 parameters, 0 gradients, 20.1 GFLOPS
2025-06-21 20:38:29,878 - utils.torch_utils - INFO - Model Summary: 284 layers, 8913283 parameters, 0 gradients, 20.1 GFLOPS
2025-06-21 21:14:47,323 - yolo_gui_utils.config_manager - INFO - 保存配置檔案: config.json
2025-06-21 21:14:47,324 - yolo_gui_utils.config_manager - INFO - 配置檔案保存成功
2025-06-21 21:14:47,325 - gui.main_window - INFO - 主視窗正常關閉
